<?xml version="1.0" encoding="UTF-8"?>
<coverage generated="1524377903">
  <project timestamp="1524377903">
    <package name="CmcApiPhp">
      <file name="/Users/kailash/Files/chillur/code/cmc-api-php/src/CoinMarketCapApi.php">
        <class name="CmcApiPhp\CoinMarketCapApi" namespace="CmcApiPhp" fullPackage="CmcApiPhp" package="CmcApiPhp">
          <metrics complexity="21" methods="5" coveredmethods="1" conditionals="0" coveredconditionals="0" statements="38" coveredstatements="31" elements="43" coveredelements="32"/>
        </class>
        <line num="50" type="method" name="__construct" visibility="public" complexity="1" crap="1" count="7"/>
        <line num="52" type="stmt" count="7"/>
        <line num="53" type="stmt" count="7"/>
        <line num="61" type="method" name="request" visibility="private" complexity="4" crap="4.01" count="6"/>
        <line num="63" type="stmt" count="6"/>
        <line num="64" type="stmt" count="0"/>
        <line num="67" type="stmt" count="6"/>
        <line num="69" type="stmt" count="6"/>
        <line num="70" type="stmt" count="1"/>
        <line num="71" type="stmt" count="1"/>
        <line num="75" type="stmt" count="6"/>
        <line num="76" type="stmt" count="3"/>
        <line num="77" type="stmt" count="3"/>
        <line num="78" type="stmt" count="3"/>
        <line num="79" type="stmt" count="3"/>
        <line num="90" type="method" name="ticker" visibility="public" complexity="6" crap="6.29" count="2"/>
        <line num="92" type="stmt" count="2"/>
        <line num="93" type="stmt" count="1"/>
        <line num="96" type="stmt" count="1"/>
        <line num="98" type="stmt" count="1"/>
        <line num="99" type="stmt" count="0"/>
        <line num="102" type="stmt" count="1"/>
        <line num="103" type="stmt" count="0"/>
        <line num="106" type="stmt" count="1"/>
        <line num="107" type="stmt" count="1"/>
        <line num="110" type="stmt" count="1"/>
        <line num="118" type="method" name="currencyTicker" visibility="public" complexity="6" crap="6.40" count="4"/>
        <line num="120" type="stmt" count="4"/>
        <line num="121" type="stmt" count="0"/>
        <line num="124" type="stmt" count="4"/>
        <line num="125" type="stmt" count="4"/>
        <line num="126" type="stmt" count="0"/>
        <line num="129" type="stmt" count="4"/>
        <line num="131" type="stmt" count="4"/>
        <line num="132" type="stmt" count="1"/>
        <line num="135" type="stmt" count="3"/>
        <line num="142" type="method" name="globalData" visibility="public" complexity="4" crap="4.59" count="1"/>
        <line num="144" type="stmt" count="1"/>
        <line num="145" type="stmt" count="0"/>
        <line num="148" type="stmt" count="1"/>
        <line num="149" type="stmt" count="1"/>
        <line num="150" type="stmt" count="0"/>
        <line num="153" type="stmt" count="1"/>
        <metrics loc="156" ncloc="111" classes="1" methods="5" coveredmethods="1" conditionals="0" coveredconditionals="0" statements="38" coveredstatements="31" elements="43" coveredelements="32"/>
      </file>
    </package>
    <metrics files="1" loc="156" ncloc="111" classes="1" methods="5" coveredmethods="1" conditionals="0" coveredconditionals="0" statements="38" coveredstatements="31" elements="43" coveredelements="32"/>
  </project>
</coverage>
